<?xml version="1.0" encoding="UTF-8"?>
<testsuite name="com.iris.camera.FrameQualityTest" tests="5" skipped="0" failures="0" errors="0" timestamp="2026-05-09T23:25:09" hostname="Jarvis" time="7.5">
  <properties/>
  <testcase name="solidColorBitmapHasLowVariance" classname="com.iris.camera.FrameQualityTest" time="7.1"/>
  <testcase name="whiteBitmapIsTooBright" classname="com.iris.camera.FrameQualityTest" time="0.07"/>
  <testcase name="blackBitmapIsTooDark" classname="com.iris.camera.FrameQualityTest" time="0.063"/>
  <testcase name="stripedBitmapHasHighVariance" classname="com.iris.camera.FrameQualityTest" time="0.192"/>
  <testcase name="stripedBitmapHasNonZeroBlurScore" classname="com.iris.camera.FrameQualityTest" time="0.074"/>
  <system-out><![CDATA[]]></system-out>
  <system-err><![CDATA[]]></system-err>
</testsuite>
