<?xml version="1.0" encoding="UTF-8"?>
<testsuite name="com.iris.ai.SystemPromptsTest" tests="8" skipped="0" failures="0" errors="0" timestamp="2026-05-09T22:59:45" hostname="Jarvis" time="0.071">
  <properties/>
  <testcase name="questionPromptWithoutQuestionFallsBackToGenericInstruction" classname="com.iris.ai.SystemPromptsTest" time="0.055"/>
  <testcase name="continuousPromptInstructsDirectionPrefix" classname="com.iris.ai.SystemPromptsTest" time="0.001"/>
  <testcase name="allPromptsHaveAmbiguousFrameInstruction" classname="com.iris.ai.SystemPromptsTest" time="0.002"/>
  <testcase name="questionPromptInjectsUserQuestion" classname="com.iris.ai.SystemPromptsTest" time="0.002"/>
  <testcase name="continuousPromptCapsLengthAtThreeSentences" classname="com.iris.ai.SystemPromptsTest" time="0.0"/>
  <testcase name="allPromptsRequirePortugueseResponse" classname="com.iris.ai.SystemPromptsTest" time="0.006"/>
  <testcase name="readingPromptInstructsTextOrdering" classname="com.iris.ai.SystemPromptsTest" time="0.0"/>
  <testcase name="readingPromptHandlesNoTextCase" classname="com.iris.ai.SystemPromptsTest" time="0.001"/>
  <system-out><![CDATA[]]></system-out>
  <system-err><![CDATA[]]></system-err>
</testsuite>
