<?xml version="1.0" encoding="UTF-8"?>
<testsuite name="com.iris.ui.AppViewModelTest" tests="2" skipped="0" failures="0" errors="0" timestamp="2026-05-09T22:59:58" hostname="Jarvis" time="6.244">
  <properties/>
  <testcase name="selectModeChangesModeWithoutTriggering" classname="com.iris.ui.AppViewModelTest" time="6.218"/>
  <testcase name="phaseFollowsGemmaState" classname="com.iris.ui.AppViewModelTest" time="0.026"/>
  <system-out><![CDATA[]]></system-out>
  <system-err><![CDATA[]]></system-err>
</testsuite>
